::1 - - [11/Oct/2020:17:48:07 +0000] "GET /api/sauces HTTP/1.1" 401 12
::1 - - [11/Oct/2020:17:48:14 +0000] "GET /api/sauces HTTP/1.1" 401 12
::1 - - [11/Oct/2020:17:48:48 +0000] "GET /api/sauces HTTP/1.1" 401 12
::1 - - [12/Oct/2020:08:59:35 +0000] "POST /api/auth/login HTTP/1.1" 200 224
::1 - - [12/Oct/2020:08:59:42 +0000] "POST /api/auth/login HTTP/1.1" 401 36
::1 - - [12/Oct/2020:08:59:43 +0000] "POST /api/auth/login HTTP/1.1" 401 36
::1 - - [12/Oct/2020:08:59:44 +0000] "POST /api/auth/login HTTP/1.1" 401 36
::1 - - [12/Oct/2020:08:59:44 +0000] "POST /api/auth/login HTTP/1.1" 401 36
::1 - - [12/Oct/2020:08:59:45 +0000] "POST /api/auth/login HTTP/1.1" 401 36
::1 - - [12/Oct/2020:09:00:07 +0000] "POST /api/auth/login HTTP/1.1" 401 36
::1 - - [12/Oct/2020:09:00:11 +0000] "POST /api/auth/login HTTP/1.1" 401 36
::1 - - [12/Oct/2020:09:00:13 +0000] "POST /api/auth/login HTTP/1.1" 401 36
::1 - - [12/Oct/2020:09:00:14 +0000] "POST /api/auth/login HTTP/1.1" 401 36
::1 - - [12/Oct/2020:09:00:15 +0000] "POST /api/auth/login HTTP/1.1" 401 36
::1 - - [12/Oct/2020:09:00:15 +0000] "POST /api/auth/login HTTP/1.1" 401 36
::1 - - [12/Oct/2020:09:00:16 +0000] "POST /api/auth/login HTTP/1.1" 401 36
::1 - - [12/Oct/2020:09:00:16 +0000] "POST /api/auth/login HTTP/1.1" 401 36
::1 - - [12/Oct/2020:09:00:17 +0000] "POST /api/auth/login HTTP/1.1" 401 36
::1 - - [12/Oct/2020:09:00:18 +0000] "POST /api/auth/login HTTP/1.1" 401 36
::1 - - [12/Oct/2020:09:00:18 +0000] "POST /api/auth/login HTTP/1.1" 401 36
::1 - - [12/Oct/2020:09:00:19 +0000] "POST /api/auth/login HTTP/1.1" 401 36
::1 - - [12/Oct/2020:09:00:19 +0000] "POST /api/auth/login HTTP/1.1" 401 36
::1 - - [12/Oct/2020:09:00:24 +0000] "GET /api/sauces HTTP/1.1" 401 12
::1 - - [12/Oct/2020:09:00:24 +0000] "GET /api/sauces HTTP/1.1" 401 12
::1 - - [12/Oct/2020:09:00:25 +0000] "GET /api/sauces HTTP/1.1" 401 12
::1 - - [12/Oct/2020:09:00:25 +0000] "GET /api/sauces HTTP/1.1" 401 12
::1 - - [12/Oct/2020:09:00:26 +0000] "GET /api/sauces HTTP/1.1" 401 12
::1 - - [12/Oct/2020:09:00:26 +0000] "GET /api/sauces HTTP/1.1" 429 42
::1 - - [12/Oct/2020:09:00:43 +0000] "POST /api/auth/login HTTP/1.1" 401 36
::1 - - [12/Oct/2020:09:00:44 +0000] "POST /api/auth/login HTTP/1.1" 401 36
::1 - - [12/Oct/2020:09:00:44 +0000] "POST /api/auth/login HTTP/1.1" 401 36
::1 - - [12/Oct/2020:09:00:45 +0000] "POST /api/auth/login HTTP/1.1" 401 36
::1 - - [12/Oct/2020:09:00:46 +0000] "POST /api/auth/login HTTP/1.1" 401 36
::1 - - [12/Oct/2020:09:00:46 +0000] "POST /api/auth/login HTTP/1.1" 429 42
::1 - - [12/Oct/2020:09:01:24 +0000] "POST /api/auth/login HTTP/1.1" 200 224
::1 - - [12/Oct/2020:09:09:22 +0000] "GET /api/sauces HTTP/1.1" 401 12
::1 - - [12/Oct/2020:09:09:24 +0000] "GET /api/sauces HTTP/1.1" 401 12
::1 - - [12/Oct/2020:09:09:26 +0000] "GET /api/sauces HTTP/1.1" 401 12
::1 - - [12/Oct/2020:09:09:28 +0000] "GET /api/sauces HTTP/1.1" 401 12
::1 - - [12/Oct/2020:09:09:30 +0000] "GET /api/sauces HTTP/1.1" 401 12
::1 - - [12/Oct/2020:09:09:33 +0000] "GET /api/sauces HTTP/1.1" 401 12
::1 - - [12/Oct/2020:09:10:09 +0000] "POST /api/auth/login HTTP/1.1" 200 224
::1 - - [12/Oct/2020:09:10:12 +0000] "GET /api/sauces HTTP/1.1" 401 12
::1 - - [12/Oct/2020:09:10:17 +0000] "GET /api/sauces HTTP/1.1" 200 465
::1 - - [12/Oct/2020:09:10:21 +0000] "GET /api/sauces HTTP/1.1" 200 465
::1 - - [12/Oct/2020:09:10:22 +0000] "GET /api/sauces HTTP/1.1" 200 465
::1 - - [12/Oct/2020:09:10:22 +0000] "GET /api/sauces HTTP/1.1" 200 465
::1 - - [12/Oct/2020:09:10:23 +0000] "GET /api/sauces HTTP/1.1" 200 465
::1 - - [12/Oct/2020:09:10:24 +0000] "GET /api/sauces HTTP/1.1" 200 465
::1 - - [12/Oct/2020:09:10:24 +0000] "GET /api/sauces HTTP/1.1" 200 465
::1 - - [12/Oct/2020:09:10:25 +0000] "GET /api/sauces HTTP/1.1" 200 465
::1 - - [12/Oct/2020:09:10:25 +0000] "GET /api/sauces HTTP/1.1" 200 465
::1 - - [12/Oct/2020:09:10:26 +0000] "GET /api/sauces HTTP/1.1" 200 465
::1 - - [12/Oct/2020:09:10:26 +0000] "GET /api/sauces HTTP/1.1" 200 465
::1 - - [12/Oct/2020:09:10:27 +0000] "GET /api/sauces HTTP/1.1" 200 465
::1 - - [12/Oct/2020:09:10:41 +0000] "GET /api/sauces HTTP/1.1" 200 465
::1 - - [12/Oct/2020:09:10:42 +0000] "GET /api/sauces HTTP/1.1" 200 465
::1 - - [12/Oct/2020:09:10:42 +0000] "GET /api/sauces HTTP/1.1" 200 465
::1 - - [12/Oct/2020:09:10:43 +0000] "GET /api/sauces HTTP/1.1" 200 465
::1 - - [12/Oct/2020:09:10:43 +0000] "GET /api/sauces HTTP/1.1" 200 465
::1 - - [12/Oct/2020:09:10:44 +0000] "GET /api/sauces HTTP/1.1" 200 465
::1 - - [12/Oct/2020:09:10:46 +0000] "GET /api/sauces HTTP/1.1" 200 465
::1 - - [12/Oct/2020:09:10:47 +0000] "GET /api/sauces HTTP/1.1" 200 465
::1 - - [12/Oct/2020:09:10:50 +0000] "GET /api/sauces HTTP/1.1" 200 465
::1 - - [12/Oct/2020:09:47:13 +0000] "POST /api/auth/login HTTP/1.1" 403 3519
::1 - - [12/Oct/2020:12:00:36 +0000] "OPTIONS /api/auth/signup HTTP/1.1" 200 4
::1 - - [12/Oct/2020:12:00:37 +0000] "POST /api/auth/signup HTTP/1.1" 201 34
::1 - - [12/Oct/2020:12:00:37 +0000] "OPTIONS /api/auth/login HTTP/1.1" 200 4
::1 - - [12/Oct/2020:12:00:37 +0000] "POST /api/auth/login HTTP/1.1" 200 224
::1 - - [12/Oct/2020:12:00:37 +0000] "OPTIONS /api/sauces HTTP/1.1" 200 13
::1 - - [12/Oct/2020:12:00:38 +0000] "GET /api/sauces HTTP/1.1" 304 -
::1 - - [12/Oct/2020:12:01:19 +0000] "OPTIONS /api/sauces/5f82efd896023c3290f5d9f8 HTTP/1.1" 200 19
::1 - - [12/Oct/2020:12:01:19 +0000] "GET /api/sauces/5f82efd896023c3290f5d9f8 HTTP/1.1" 200 463
::1 - - [14/Oct/2020:08:00:48 +0000] "POST /api/auth/login HTTP/1.1" - -
::1 - - [14/Oct/2020:08:01:36 +0000] "POST /api/auth/login HTTP/1.1" - -
::1 - - [14/Oct/2020:08:01:38 +0000] "POST /api/auth/login HTTP/1.1" - -
::1 - - [14/Oct/2020:08:02:38 +0000] "POST /api/auth/signup HTTP/1.1" - -
::1 - - [14/Oct/2020:08:02:50 +0000] "POST /api/auth/signup HTTP/1.1" 201 34
::1 - - [14/Oct/2020:08:03:06 +0000] "POST /api/auth/login HTTP/1.1" 200 224
::1 - - [14/Oct/2020:08:03:13 +0000] "GET /api/auth/user/5f86b0aa4bf01c2b08131e81 HTTP/1.1" 404 177
::1 - - [14/Oct/2020:08:04:14 +0000] "GET /api/auth/user/5f86b0aa4bf01c2b08131e81 HTTP/1.1" 404 177
::1 - - [14/Oct/2020:08:04:27 +0000] "GET /api/auth/users/5f86b0aa4bf01c2b08131e81 HTTP/1.1" 200 146
::1 - - [14/Oct/2020:08:08:09 +0000] "PUT /api/auth/signup HTTP/1.1" 404 154
::1 - - [14/Oct/2020:08:11:46 +0000] "PUT /api/auth/signup HTTP/1.1" 404 154
::1 - - [14/Oct/2020:08:11:58 +0000] "PUT /api/auth/signup HTTP/1.1" 404 154
::1 - - [14/Oct/2020:08:12:18 +0000] "PUT /api/auth/users/5f86b0aa4bf01c2b08131e81 HTTP/1.1" 200 49
::1 - - [14/Oct/2020:08:12:31 +0000] "POST /api/auth/login HTTP/1.1" 401 36
::1 - - [14/Oct/2020:08:12:35 +0000] "POST /api/auth/login HTTP/1.1" 401 36
::1 - - [14/Oct/2020:08:13:30 +0000] "POST /api/auth/login HTTP/1.1" 401 36
::1 - - [14/Oct/2020:08:13:38 +0000] "PUT /api/auth/users/5f86b0aa4bf01c2b08131e81 HTTP/1.1" 200 49
::1 - - [14/Oct/2020:08:13:46 +0000] "POST /api/auth/login HTTP/1.1" 401 36
::1 - - [14/Oct/2020:08:13:54 +0000] "POST /api/auth/login HTTP/1.1" 401 36
::1 - - [14/Oct/2020:08:14:25 +0000] "PUT /api/auth/users/5f86b0aa4bf01c2b08131e81 HTTP/1.1" 200 350
::1 - - [14/Oct/2020:08:15:17 +0000] "POST /api/auth/login HTTP/1.1" 401 36
::1 - - [14/Oct/2020:08:19:28 +0000] "PUT /api/auth/users/5f86b0aa4bf01c2b08131e81 HTTP/1.1" 201 328
::1 - - [14/Oct/2020:08:19:46 +0000] "PUT /api/auth/users/5f86b0aa4bf01c2b08131e81 HTTP/1.1" 201 338
::1 - - [14/Oct/2020:08:20:09 +0000] "POST /api/auth/login HTTP/1.1" 200 224
::1 - - [14/Oct/2020:08:22:31 +0000] "DELETE /api/auth/users/5f86b0aa4bf01c2b08131e81 HTTP/1.1" 404 181
::1 - - [14/Oct/2020:08:25:32 +0000] "DELETE /api/auth/users/5f86b0aa4bf01c2b08131e81 HTTP/1.1" 404 181
::1 - - [14/Oct/2020:08:25:49 +0000] "DELETE /api/auth/users/5f86b0aa4bf01c2b08131e81 HTTP/1.1" 404 181
::1 - - [14/Oct/2020:08:26:03 +0000] "DELETE /api/auth/users/5f86b0aa4bf01c2b08131e81 HTTP/1.1" 400 2
::1 - - [14/Oct/2020:08:29:17 +0000] "GET /api/auth/users/5f86b0aa4bf01c2b08131e81 HTTP/1.1" 200 4
::1 - - [14/Oct/2020:09:27:40 +0000] "POST /api/auth/signup HTTP/1.1" 201 34
::1 - - [14/Oct/2020:09:27:44 +0000] "POST /api/auth/login HTTP/1.1" 401 36
::1 - - [14/Oct/2020:09:28:01 +0000] "POST /api/auth/login HTTP/1.1" 200 224
::1 - - [14/Oct/2020:09:28:10 +0000] "GET /api/auth/users/5f86c48bbd62804244545e68 HTTP/1.1" 200 146
::1 - - [14/Oct/2020:09:30:42 +0000] "POST /api/auth/users/5f86c48bbd62804244545e68/exports HTTP/1.1" - -
::1 - - [14/Oct/2020:09:31:08 +0000] "POST /api/auth/users/5f86c48bbd62804244545e68/exports HTTP/1.1" - -
::1 - - [14/Oct/2020:09:31:58 +0000] "POST /api/auth/users/5f86c48bbd62804244545e68/exports HTTP/1.1" - -
::1 - - [14/Oct/2020:09:32:57 +0000] "GET /api/sauces HTTP/1.1" 401 12
::1 - - [14/Oct/2020:09:33:03 +0000] "POST /api/auth/login HTTP/1.1" 200 224
::1 - - [14/Oct/2020:09:33:21 +0000] "GET /api/sauces HTTP/1.1" 200 465
::1 - - [14/Oct/2020:09:33:46 +0000] "POST /api/auth/users/5f86c48bbd62804244545e68/exports HTTP/1.1" - -
::1 - - [14/Oct/2020:09:35:12 +0000] "POST /api/auth/users/5f86c48bbd62804244545e68/exports HTTP/1.1" 200 35
::1 - - [14/Oct/2020:09:46:07 +0000] "POST /api/sauces HTTP/1.1" 400 37
::1 - - [14/Oct/2020:09:46:27 +0000] "POST /api/sauces HTTP/1.1" 500 1811
::1 - - [14/Oct/2020:09:46:32 +0000] "POST /api/sauces HTTP/1.1" 400 37
::1 - - [14/Oct/2020:09:46:37 +0000] "POST /api/sauces HTTP/1.1" 400 30
::1 - - [14/Oct/2020:09:47:36 +0000] "OPTIONS /api/auth/login HTTP/1.1" 200 4
::1 - - [14/Oct/2020:09:47:36 +0000] "POST /api/auth/login HTTP/1.1" 200 224
::1 - - [14/Oct/2020:09:47:36 +0000] "OPTIONS /api/sauces HTTP/1.1" 200 13
::1 - - [14/Oct/2020:09:47:36 +0000] "GET /api/sauces HTTP/1.1" 200 465
::1 - - [14/Oct/2020:09:47:36 +0000] "GET /images/vin-blanc-ciboulette.jpg1602416600065.jpg HTTP/1.1" 304 -
::1 - - [14/Oct/2020:09:48:04 +0000] "OPTIONS /api/sauces HTTP/1.1" 200 13
::1 - - [14/Oct/2020:09:48:04 +0000] "POST /api/sauces HTTP/1.1" 201 52
::1 - - [14/Oct/2020:09:48:04 +0000] "GET /api/sauces HTTP/1.1" 200 772
::1 - - [14/Oct/2020:09:48:04 +0000] "GET /images/vin-blanc-ciboulette.jpg1602416600065.jpg HTTP/1.1" 304 -
::1 - - [14/Oct/2020:09:48:04 +0000] "GET /images/vin-blanc-ciboulette.jpg1602668884159.jpg HTTP/1.1" 200 28996
::1 - - [14/Oct/2020:09:49:16 +0000] "POST /api/auth/users/5f86c48bbd62804244545e68/exports HTTP/1.1" 200 31
::1 - - [14/Oct/2020:09:49:51 +0000] "POST /api/auth/users/5f86c48bbd62804244545e68/exports HTTP/1.1" 200 -
::1 - - [14/Oct/2020:09:50:14 +0000] "POST /api/auth/users/5f86c48bbd62804244545e68/exports HTTP/1.1" 200 -
::1 - - [14/Oct/2020:09:50:52 +0000] "POST /api/auth/users/5f86c48bbd62804244545e68/exports HTTP/1.1" 200 -
::1 - - [14/Oct/2020:09:51:09 +0000] "POST /api/auth/users/5f86c48bbd62804244545e68/exports HTTP/1.1" 200 -
::1 - - [14/Oct/2020:09:53:58 +0000] "POST /api/auth/users/5f86c48bbd62804244545e68/exports HTTP/1.1" 200 2
::1 - - [14/Oct/2020:09:55:28 +0000] "POST /api/auth/users/5f86c48bbd62804244545e68/exports HTTP/1.1" 200 2
::1 - - [14/Oct/2020:09:55:32 +0000] "POST /api/auth/users/5f86c48bbd62804244545e68/exports HTTP/1.1" 200 2
::1 - - [14/Oct/2020:09:55:42 +0000] "POST /api/auth/users/5f86c48bbd62804244545e68/exports HTTP/1.1" 200 2
::1 - - [14/Oct/2020:09:56:02 +0000] "POST /api/auth/users/5f86c48bbd62804244545e68/exports HTTP/1.1" 200 2
::1 - - [14/Oct/2020:09:56:35 +0000] "POST /api/auth/users/5f86c48bbd62804244545e68/exports HTTP/1.1" 200 2
::1 - - [14/Oct/2020:09:57:11 +0000] "POST /api/auth/users/5f86c48bbd62804244545e68/exports HTTP/1.1" 200 2
::1 - - [14/Oct/2020:09:57:15 +0000] "POST /api/auth/users/5f86c48bbd62804244545e68/exports HTTP/1.1" 200 2
::1 - - [14/Oct/2020:09:57:26 +0000] "POST /api/auth/users/5f86c48bbd62804244545e68/exports HTTP/1.1" 200 2
::1 - - [14/Oct/2020:09:57:43 +0000] "POST /api/auth/users/5f86c48bbd62804244545e68/exports HTTP/1.1" 200 -
::1 - - [14/Oct/2020:09:58:02 +0000] "POST /api/auth/users/5f86c48bbd62804244545e68/exports HTTP/1.1" 200 -
::1 - - [14/Oct/2020:09:58:16 +0000] "POST /api/auth/users/5f86c48bbd62804244545e68/exports HTTP/1.1" 200 31
::1 - - [14/Oct/2020:09:58:54 +0000] "POST /api/auth/users/5f86c48bbd62804244545e68/exports HTTP/1.1" 200 31
::1 - - [14/Oct/2020:09:59:24 +0000] "POST /api/auth/users/5f86c48bbd62804244545e68/exports HTTP/1.1" 200 31
::1 - - [14/Oct/2020:10:00:06 +0000] "POST /api/auth/users/5f86c48bbd62804244545e68/exports HTTP/1.1" 200 2
::1 - - [14/Oct/2020:10:00:47 +0000] "POST /api/auth/users/5f86c48bbd62804244545e68/exports HTTP/1.1" 200 31
::1 - - [14/Oct/2020:10:00:48 +0000] "POST /api/auth/users/5f86c48bbd62804244545e68/exports HTTP/1.1" 200 31
::1 - - [14/Oct/2020:10:01:06 +0000] "POST /api/auth/users/5f86c48bbd62804244545e68/exports HTTP/1.1" 200 7
::1 - - [14/Oct/2020:10:03:06 +0000] "POST /api/auth/users/5f86c48bbd62804244545e68/exports HTTP/1.1" 200 2
::1 - - [14/Oct/2020:10:03:50 +0000] "POST /api/auth/users/5f86c48bbd62804244545e68/exports HTTP/1.1" 200 -
::1 - - [14/Oct/2020:10:03:52 +0000] "POST /api/auth/users/5f86c48bbd62804244545e68/exports HTTP/1.1" 200 -
::1 - - [14/Oct/2020:10:04:17 +0000] "POST /api/auth/users/5f86c48bbd62804244545e68/exports HTTP/1.1" 200 331
::1 - - [14/Oct/2020:10:04:36 +0000] "POST /api/auth/users/5f86c48bbd62804244545e68/exports HTTP/1.1" 200 331
::1 - - [14/Oct/2020:10:12:38 +0000] "POST /api/auth/users/5f86c48bbd62804244545e68/exports HTTP/1.1" 200 -
::1 - - [14/Oct/2020:10:13:01 +0000] "GET /api/auth/users/5f86c48bbd62804244545e68/exports HTTP/1.1" 404 186
::1 - - [14/Oct/2020:10:14:28 +0000] "OPTIONS /api/auth/login HTTP/1.1" 200 4
::1 - - [14/Oct/2020:10:14:29 +0000] "POST /api/auth/login HTTP/1.1" 200 224
::1 - - [14/Oct/2020:10:14:29 +0000] "OPTIONS /api/sauces HTTP/1.1" 200 13
::1 - - [14/Oct/2020:10:14:29 +0000] "GET /api/sauces HTTP/1.1" 304 -
::1 - - [14/Oct/2020:10:14:29 +0000] "GET /images/vin-blanc-ciboulette.jpg1602416600065.jpg HTTP/1.1" 304 -
::1 - - [14/Oct/2020:10:14:29 +0000] "GET /images/vin-blanc-ciboulette.jpg1602668884159.jpg HTTP/1.1" 304 -
::1 - - [14/Oct/2020:10:14:41 +0000] "POST /api/auth/users/5f86c48bbd62804244545e68/exports HTTP/1.1" 200 -
::1 - - [14/Oct/2020:10:15:16 +0000] "GET /api/auth/users/5f86c48bbd62804244545e68/exports HTTP/1.1" 404 186
::1 - - [14/Oct/2020:11:18:32 +0000] "GET /api/auth/users/5f86c48bbd62804244545e68/exports HTTP/1.1" 404 186
::1 - - [14/Oct/2020:11:18:58 +0000] "GET /api/auth/users/5f86c48bbd62804244545e68/exports HTTP/1.1" 404 186
::1 - - [14/Oct/2020:11:19:03 +0000] "GET /api/auth/users/5f86c48bbd62804244545e68/exports HTTP/1.1" 404 186
::1 - - [14/Oct/2020:11:23:44 +0000] "GET /api/auth/users/5f86c48bbd62804244545e68/exports HTTP/1.1" 404 186
::1 - - [14/Oct/2020:11:23:47 +0000] "GET /api/auth/users/5f86c48bbd62804244545e68/exports HTTP/1.1" 404 186
::1 - - [14/Oct/2020:11:37:27 +0000] "POST /api/auth/users/5f86c48bbd62804244545e68/exports HTTP/1.1" 200 -
::1 - - [14/Oct/2020:11:37:42 +0000] "POST /api/auth/users/5f86c48bbd62804244545e68/exports HTTP/1.1" 200 -
::1 - - [14/Oct/2020:11:38:21 +0000] "POST /api/auth/users/5f86c48bbd62804244545e68/exports HTTP/1.1" 200 -
::1 - - [14/Oct/2020:11:38:43 +0000] "POST /api/auth/users/5f86c48bbd62804244545e68/exports HTTP/1.1" 200 -
::1 - - [14/Oct/2020:11:41:26 +0000] "POST /api/auth/users/5f86c48bbd62804244545e68/exports HTTP/1.1" 201 -
::1 - - [14/Oct/2020:11:41:31 +0000] "POST /api/auth/users/5f86c48bbd62804244545e68/exports HTTP/1.1" 201 -
::1 - - [14/Oct/2020:11:41:47 +0000] "POST /api/auth/users/5f86c48bbd62804244545e68/exports HTTP/1.1" 201 -
::1 - - [14/Oct/2020:11:42:36 +0000] "POST /api/auth/users/5f86c48bbd62804244545e68/exports HTTP/1.1" 201 31
::1 - - [14/Oct/2020:11:43:19 +0000] "POST /api/auth/users/5f86c48bbd62804244545e68/exports HTTP/1.1" 201 31
::1 - - [14/Oct/2020:11:44:07 +0000] "POST /api/auth/users/5f86c48bbd62804244545e68/exports HTTP/1.1" 201 31
::1 - - [14/Oct/2020:11:44:27 +0000] "POST /api/auth/users/5f86c48bbd62804244545e68/exports HTTP/1.1" 201 2
::1 - - [14/Oct/2020:11:45:01 +0000] "POST /api/auth/users/5f86c48bbd62804244545e68/exports HTTP/1.1" 201 2
::1 - - [14/Oct/2020:11:47:38 +0000] "POST /api/auth/users/5f86c48bbd62804244545e68/exports HTTP/1.1" 201 2
::1 - - [14/Oct/2020:11:47:42 +0000] "POST /api/auth/users/5f86c48bbd62804244545e68/exports HTTP/1.1" 201 2
::1 - - [14/Oct/2020:11:47:59 +0000] "POST /api/auth/users/5f86c48bbd62804244545e68/exports HTTP/1.1" 201 2
::1 - - [14/Oct/2020:11:48:18 +0000] "POST /api/auth/users/5f86c48bbd62804244545e68/exports HTTP/1.1" 201 2
::1 - - [14/Oct/2020:11:48:21 +0000] "POST /api/auth/users/5f86c48bbd62804244545e68/exports HTTP/1.1" 201 2
::1 - - [14/Oct/2020:11:48:45 +0000] "POST /api/auth/users/5f86c48bbd62804244545e68/exports HTTP/1.1" 201 2
::1 - - [14/Oct/2020:11:49:00 +0000] "POST /api/auth/users/5f86c48bbd62804244545e68/exports HTTP/1.1" 201 2
::1 - - [14/Oct/2020:11:54:42 +0000] "POST /api/auth/users/5f86c48bbd62804244545e68/exports HTTP/1.1" 200 2
::1 - - [14/Oct/2020:11:54:51 +0000] "POST /api/auth/users/5f86c48bbd62804244545e68/exports HTTP/1.1" 200 2
::1 - - [14/Oct/2020:11:55:02 +0000] "POST /api/auth/users/5f86c48bbd62804244545e68/exports HTTP/1.1" 200 2
::1 - - [14/Oct/2020:11:55:43 +0000] "POST /api/auth/users/5f86c48bbd62804244545e68/exports HTTP/1.1" 200 2
::1 - - [14/Oct/2020:11:56:23 +0000] "POST /api/auth/users/5f86c48bbd62804244545e68/exports HTTP/1.1" 200 31
::1 - - [14/Oct/2020:11:56:27 +0000] "POST /api/auth/users/5f86c48bbd62804244545e68/exports HTTP/1.1" 200 31
::1 - - [14/Oct/2020:11:56:45 +0000] "POST /api/auth/users/5f86c48bbd62804244545e68/exports HTTP/1.1" 404 2
::1 - - [14/Oct/2020:11:57:04 +0000] "POST /api/auth/users/5f86c48bbd62804244545e68/exports HTTP/1.1" 404 2
::1 - - [14/Oct/2020:11:57:58 +0000] "POST /api/auth/users/5f86c48bbd62804244545e68/exports HTTP/1.1" 404 2
::1 - - [14/Oct/2020:11:58:11 +0000] "POST /api/auth/users/5f86c48bbd62804244545e68/exports HTTP/1.1" 404 2
::1 - - [14/Oct/2020:11:59:02 +0000] "POST /api/auth/users/5f86c48bbd62804244545e68/exports HTTP/1.1" 404 2
::1 - - [14/Oct/2020:11:59:47 +0000] "POST /api/auth/users/5f86c48bbd62804244545e68/exports HTTP/1.1" 200 19
::1 - - [14/Oct/2020:11:59:52 +0000] "POST /api/auth/users/5f86c48bbd62804244545e68/exports HTTP/1.1" 200 19
::1 - - [14/Oct/2020:12:00:30 +0000] "POST /api/auth/users/5f86c48bbd62804244545e68/exports HTTP/1.1" 404 2
::1 - - [14/Oct/2020:12:00:35 +0000] "POST /api/auth/users/5f86c48bbd62804244545e68/exports HTTP/1.1" 404 2
::1 - - [14/Oct/2020:12:01:21 +0000] "POST /api/auth/users/5f86c48bbd62804244545e68/exports HTTP/1.1" 200 331
::1 - - [14/Oct/2020:12:01:29 +0000] "POST /api/auth/users/5f86c48bbd62804244545e68/exports HTTP/1.1" 200 331
::1 - - [14/Oct/2020:12:01:38 +0000] "POST /api/auth/users/5f86c48bbd62804244545e68/exports HTTP/1.1" 200 331
::1 - - [14/Oct/2020:12:01:51 +0000] "POST /api/auth/users/5f86c48bbd62804244545e68/exports HTTP/1.1" 200 331
::1 - - [14/Oct/2020:12:02:27 +0000] "POST /api/auth/users/5f86c48bbd62804244545e68/exports HTTP/1.1" 404 2
::1 - - [14/Oct/2020:12:02:39 +0000] "POST /api/auth/users/5f86c48bbd62804244545e68/exports HTTP/1.1" 201 331
::1 - - [14/Oct/2020:12:03:13 +0000] "GET /api/auth/users/5f86c48bbd62804244545e68/exports HTTP/1.1" 404 186
::1 - - [14/Oct/2020:12:03:16 +0000] "GET /api/auth/users/5f86c48bbd62804244545e68/exports HTTP/1.1" 404 186
::1 - - [14/Oct/2020:12:03:18 +0000] "GET /api/auth/users/5f86c48bbd62804244545e68/exports HTTP/1.1" 404 186
::1 - - [14/Oct/2020:12:04:27 +0000] "GET /api/auth/users/5f86c48bbd62804244545e68/exports HTTP/1.1" 404 186
::1 - - [14/Oct/2020:12:04:28 +0000] "GET /api/auth/users/5f86c48bbd62804244545e68/exports HTTP/1.1" 404 186
::1 - - [14/Oct/2020:12:04:29 +0000] "GET /api/auth/users/5f86c48bbd62804244545e68/exports HTTP/1.1" 404 186
::1 - - [14/Oct/2020:12:04:41 +0000] "GET /api/auth/users/5f86c48bbd62804244545e68/exports HTTP/1.1" 404 186
::1 - - [14/Oct/2020:12:04:56 +0000] "GET /api/auth/users/5f86c48bbd62804244545e68/exports HTTP/1.1" 404 186
::1 - - [14/Oct/2020:12:05:01 +0000] "GET /api/auth/users/5f86c48bbd62804244545e68/exports HTTP/1.1" 404 186
::1 - - [14/Oct/2020:12:06:12 +0000] "GET /api/auth/users/5f86c48bbd62804244545e68/exports HTTP/1.1" 404 186
::1 - - [14/Oct/2020:12:06:16 +0000] "GET /api/auth/users/5f86c48bbd62804244545e68/exports HTTP/1.1" 404 186
::1 - - [14/Oct/2020:12:06:21 +0000] "GET /api/auth/users/5f86c48bbd62804244545e68/exports HTTP/1.1" 404 186
::1 - - [14/Oct/2020:12:09:19 +0000] "POST /api/auth/users/5f86c48bbd62804244545e68/exports HTTP/1.1" 201 331
::1 - - [14/Oct/2020:12:09:23 +0000] "POST /api/auth/users/5f86c48bbd62804244545e68/exports HTTP/1.1" 201 331
::1 - - [14/Oct/2020:12:09:36 +0000] "POST /api/auth/users/5f86c48bbd62804244545e68/exports HTTP/1.1" 201 331
::1 - - [14/Oct/2020:12:11:01 +0000] "POST /api/auth/users/5f86c48bbd62804244545e68/exports HTTP/1.1" 201 331
::1 - - [14/Oct/2020:12:11:03 +0000] "POST /api/auth/users/5f86c48bbd62804244545e68/exports HTTP/1.1" 201 331
::1 - - [14/Oct/2020:12:11:25 +0000] "POST /api/auth/users/5f86c48bbd62804244545e68/exports HTTP/1.1" 201 331
::1 - - [14/Oct/2020:12:11:27 +0000] "POST /api/auth/users/5f86c48bbd62804244545e68/exports HTTP/1.1" 201 331
::1 - - [14/Oct/2020:12:18:07 +0000] "POST /api/auth/users/5f86c48bbd62804244545e68/exports HTTP/1.1" 200 331
::1 - - [14/Oct/2020:12:18:29 +0000] "GET /api/auth/users/5f86c48bbd62804244545e68/exports HTTP/1.1" 404 186
::1 - - [14/Oct/2020:12:19:37 +0000] "GET /api/auth/users/5f86c48bbd62804244545e68/exports HTTP/1.1" 200 331
::1 - - [14/Oct/2020:12:22:01 +0000] "GET /api/auth/users/5f86c48bbd62804244545e68/exports HTTP/1.1" 201 83
::1 - - [14/Oct/2020:12:22:02 +0000] "GET /favicon.ico HTTP/1.1" 404 150
::1 - - [14/Oct/2020:12:22:28 +0000] "GET /api/auth/users/5f86c48bbd62804244545e68/exports HTTP/1.1" 201 83
::1 - - [14/Oct/2020:12:23:24 +0000] "GET /api/auth/users/5f86c48bbd62804244545e68/exports HTTP/1.1" 201 83
::1 - - [14/Oct/2020:12:23:48 +0000] "GET /api/auth/users/5f86c48bbd62804244545e68/exports HTTP/1.1" 201 83
::1 - - [14/Oct/2020:12:24:06 +0000] "GET /api/auth/users/5f86c48bbd62804244545e68/exports HTTP/1.1" 201 83
::1 - - [14/Oct/2020:12:24:41 +0000] "GET /api/auth/users/5f86c48bbd62804244545e68/exports HTTP/1.1" 201 331
::1 - - [14/Oct/2020:12:25:02 +0000] "GET /api/auth/users/5f86c48bbd62804244545e68/exports HTTP/1.1" 201 331
::1 - - [14/Oct/2020:12:34:27 +0000] "GET /api/auth/users/5f86c48bbd62804244545e68/exports HTTP/1.1" 404 353
::1 - - [14/Oct/2020:12:34:29 +0000] "GET /api/auth/users/5f86c48bbd62804244545e68/exports HTTP/1.1" 404 353
::1 - - [14/Oct/2020:12:34:34 +0000] "GET /api/auth/users/5f86c48bbd62804244545e68/exports HTTP/1.1" 404 353
::1 - - [14/Oct/2020:12:34:50 +0000] "GET /api/auth/users/5f86c48bbd62804244545e68/exports HTTP/1.1" 404 353
::1 - - [14/Oct/2020:12:35:20 +0000] "GET /api/auth/users/5f86c48bbd62804244545e68/exports HTTP/1.1" 404 353
::1 - - [14/Oct/2020:12:36:03 +0000] "GET /api/auth/users/5f86c48bbd62804244545e68/exports HTTP/1.1" 404 353
::1 - - [14/Oct/2020:12:37:03 +0000] "GET /api/auth/users/5f86c48bbd62804244545e68/exports HTTP/1.1" 404 353
::1 - - [14/Oct/2020:12:37:24 +0000] "GET /api/auth/users/5f86c48bbd62804244545e68/exports HTTP/1.1" 201 331
::1 - - [14/Oct/2020:12:37:35 +0000] "GET /api/auth/users/5f86c48bbd62804244545e68/exports HTTP/1.1" 404 353
::1 - - [14/Oct/2020:12:38:37 +0000] "GET /api/auth/users/5f86c48bbd62804244545e68/exports HTTP/1.1" 404 353
::1 - - [14/Oct/2020:12:38:49 +0000] "GET /api/auth/users/5f86c48bbd62804244545e68/exports HTTP/1.1" 201 331
::1 - - [14/Oct/2020:12:40:13 +0000] "GET /api/auth/users/5f86c48bbd62804244545e68/exports HTTP/1.1" 404 31
::1 - - [14/Oct/2020:12:40:42 +0000] "GET /api/auth/users/5f86c48bbd62804244545e68/exports HTTP/1.1" 404 353
::1 - - [14/Oct/2020:12:40:43 +0000] "GET /api/auth/users/5f86c48bbd62804244545e68/exports HTTP/1.1" 404 353
::1 - - [14/Oct/2020:12:40:45 +0000] "GET /api/auth/users/5f86c48bbd62804244545e68/exports HTTP/1.1" 404 353
::1 - - [14/Oct/2020:12:40:51 +0000] "GET /api/auth/users/5f86c48bbd62804244545e68/exports HTTP/1.1" 404 353
::1 - - [14/Oct/2020:12:48:23 +0000] "GET /api/auth/users/5f86c48bbd62804244545e68/exports HTTP/1.1" 201 331
::1 - - [14/Oct/2020:12:48:27 +0000] "GET /api/auth/users/5f86c48bbd62804244545e68/exports HTTP/1.1" 201 331
::1 - - [14/Oct/2020:12:48:29 +0000] "GET /api/auth/users/5f86c48bbd62804244545e68/exports HTTP/1.1" 201 331
::1 - - [14/Oct/2020:12:48:30 +0000] "GET /api/auth/users/5f86c48bbd62804244545e68/exports HTTP/1.1" 201 331
::1 - - [14/Oct/2020:12:53:31 +0000] "GET /api/auth/users/5f86c48bbd62804244545e68/exports HTTP/1.1" 201 331
::1 - - [14/Oct/2020:13:15:57 +0000] "POST /api/auth/users/report HTTP/1.1" 404 161
::1 - - [14/Oct/2020:13:16:05 +0000] "POST /api/auth/users/reports HTTP/1.1" 202 73
