[0mGET /api/sauces [33m401[0m 1.440 ms - 12[0m
[0mGET /api/sauces [33m401[0m 0.256 ms - 12[0m
::1 - - [11/Oct/2020:17:48:48 +0000] "GET /api/sauces HTTP/1.1" 401 12
::1 - - [12/Oct/2020:08:59:42 +0000] "POST /api/auth/login HTTP/1.1" 401 36
::1 - - [12/Oct/2020:08:59:43 +0000] "POST /api/auth/login HTTP/1.1" 401 36
::1 - - [12/Oct/2020:08:59:44 +0000] "POST /api/auth/login HTTP/1.1" 401 36
::1 - - [12/Oct/2020:08:59:44 +0000] "POST /api/auth/login HTTP/1.1" 401 36
::1 - - [12/Oct/2020:08:59:45 +0000] "POST /api/auth/login HTTP/1.1" 401 36
::1 - - [12/Oct/2020:09:00:07 +0000] "POST /api/auth/login HTTP/1.1" 401 36
::1 - - [12/Oct/2020:09:00:11 +0000] "POST /api/auth/login HTTP/1.1" 401 36
::1 - - [12/Oct/2020:09:00:13 +0000] "POST /api/auth/login HTTP/1.1" 401 36
::1 - - [12/Oct/2020:09:00:14 +0000] "POST /api/auth/login HTTP/1.1" 401 36
::1 - - [12/Oct/2020:09:00:15 +0000] "POST /api/auth/login HTTP/1.1" 401 36
::1 - - [12/Oct/2020:09:00:15 +0000] "POST /api/auth/login HTTP/1.1" 401 36
::1 - - [12/Oct/2020:09:00:16 +0000] "POST /api/auth/login HTTP/1.1" 401 36
::1 - - [12/Oct/2020:09:00:16 +0000] "POST /api/auth/login HTTP/1.1" 401 36
::1 - - [12/Oct/2020:09:00:17 +0000] "POST /api/auth/login HTTP/1.1" 401 36
::1 - - [12/Oct/2020:09:00:18 +0000] "POST /api/auth/login HTTP/1.1" 401 36
::1 - - [12/Oct/2020:09:00:18 +0000] "POST /api/auth/login HTTP/1.1" 401 36
::1 - - [12/Oct/2020:09:00:19 +0000] "POST /api/auth/login HTTP/1.1" 401 36
::1 - - [12/Oct/2020:09:00:19 +0000] "POST /api/auth/login HTTP/1.1" 401 36
::1 - - [12/Oct/2020:09:00:24 +0000] "GET /api/sauces HTTP/1.1" 401 12
::1 - - [12/Oct/2020:09:00:24 +0000] "GET /api/sauces HTTP/1.1" 401 12
::1 - - [12/Oct/2020:09:00:25 +0000] "GET /api/sauces HTTP/1.1" 401 12
::1 - - [12/Oct/2020:09:00:25 +0000] "GET /api/sauces HTTP/1.1" 401 12
::1 - - [12/Oct/2020:09:00:26 +0000] "GET /api/sauces HTTP/1.1" 401 12
::1 - - [12/Oct/2020:09:00:26 +0000] "GET /api/sauces HTTP/1.1" 429 42
::1 - - [12/Oct/2020:09:00:43 +0000] "POST /api/auth/login HTTP/1.1" 401 36
::1 - - [12/Oct/2020:09:00:44 +0000] "POST /api/auth/login HTTP/1.1" 401 36
::1 - - [12/Oct/2020:09:00:44 +0000] "POST /api/auth/login HTTP/1.1" 401 36
::1 - - [12/Oct/2020:09:00:45 +0000] "POST /api/auth/login HTTP/1.1" 401 36
::1 - - [12/Oct/2020:09:00:46 +0000] "POST /api/auth/login HTTP/1.1" 401 36
::1 - - [12/Oct/2020:09:00:46 +0000] "POST /api/auth/login HTTP/1.1" 429 42
::1 - - [12/Oct/2020:09:09:22 +0000] "GET /api/sauces HTTP/1.1" 401 12
::1 - - [12/Oct/2020:09:09:24 +0000] "GET /api/sauces HTTP/1.1" 401 12
::1 - - [12/Oct/2020:09:09:26 +0000] "GET /api/sauces HTTP/1.1" 401 12
::1 - - [12/Oct/2020:09:09:28 +0000] "GET /api/sauces HTTP/1.1" 401 12
::1 - - [12/Oct/2020:09:09:30 +0000] "GET /api/sauces HTTP/1.1" 401 12
::1 - - [12/Oct/2020:09:09:33 +0000] "GET /api/sauces HTTP/1.1" 401 12
::1 - - [12/Oct/2020:09:10:12 +0000] "GET /api/sauces HTTP/1.1" 401 12
::1 - - [12/Oct/2020:09:47:13 +0000] "POST /api/auth/login HTTP/1.1" 403 3519
::1 - - [14/Oct/2020:08:03:13 +0000] "GET /api/auth/user/5f86b0aa4bf01c2b08131e81 HTTP/1.1" 404 177
::1 - - [14/Oct/2020:08:04:14 +0000] "GET /api/auth/user/5f86b0aa4bf01c2b08131e81 HTTP/1.1" 404 177
::1 - - [14/Oct/2020:08:08:09 +0000] "PUT /api/auth/signup HTTP/1.1" 404 154
::1 - - [14/Oct/2020:08:11:46 +0000] "PUT /api/auth/signup HTTP/1.1" 404 154
::1 - - [14/Oct/2020:08:11:58 +0000] "PUT /api/auth/signup HTTP/1.1" 404 154
::1 - - [14/Oct/2020:08:12:31 +0000] "POST /api/auth/login HTTP/1.1" 401 36
::1 - - [14/Oct/2020:08:12:35 +0000] "POST /api/auth/login HTTP/1.1" 401 36
::1 - - [14/Oct/2020:08:13:30 +0000] "POST /api/auth/login HTTP/1.1" 401 36
::1 - - [14/Oct/2020:08:13:46 +0000] "POST /api/auth/login HTTP/1.1" 401 36
::1 - - [14/Oct/2020:08:13:54 +0000] "POST /api/auth/login HTTP/1.1" 401 36
::1 - - [14/Oct/2020:08:15:17 +0000] "POST /api/auth/login HTTP/1.1" 401 36
::1 - - [14/Oct/2020:08:22:31 +0000] "DELETE /api/auth/users/5f86b0aa4bf01c2b08131e81 HTTP/1.1" 404 181
::1 - - [14/Oct/2020:08:25:32 +0000] "DELETE /api/auth/users/5f86b0aa4bf01c2b08131e81 HTTP/1.1" 404 181
::1 - - [14/Oct/2020:08:25:49 +0000] "DELETE /api/auth/users/5f86b0aa4bf01c2b08131e81 HTTP/1.1" 404 181
::1 - - [14/Oct/2020:08:26:03 +0000] "DELETE /api/auth/users/5f86b0aa4bf01c2b08131e81 HTTP/1.1" 400 2
::1 - - [14/Oct/2020:09:27:44 +0000] "POST /api/auth/login HTTP/1.1" 401 36
::1 - - [14/Oct/2020:09:32:57 +0000] "GET /api/sauces HTTP/1.1" 401 12
::1 - - [14/Oct/2020:09:46:07 +0000] "POST /api/sauces HTTP/1.1" 400 37
::1 - - [14/Oct/2020:09:46:27 +0000] "POST /api/sauces HTTP/1.1" 500 1811
::1 - - [14/Oct/2020:09:46:32 +0000] "POST /api/sauces HTTP/1.1" 400 37
::1 - - [14/Oct/2020:09:46:37 +0000] "POST /api/sauces HTTP/1.1" 400 30
::1 - - [14/Oct/2020:10:13:01 +0000] "GET /api/auth/users/5f86c48bbd62804244545e68/exports HTTP/1.1" 404 186
::1 - - [14/Oct/2020:10:15:16 +0000] "GET /api/auth/users/5f86c48bbd62804244545e68/exports HTTP/1.1" 404 186
::1 - - [14/Oct/2020:11:18:32 +0000] "GET /api/auth/users/5f86c48bbd62804244545e68/exports HTTP/1.1" 404 186
::1 - - [14/Oct/2020:11:18:58 +0000] "GET /api/auth/users/5f86c48bbd62804244545e68/exports HTTP/1.1" 404 186
::1 - - [14/Oct/2020:11:19:03 +0000] "GET /api/auth/users/5f86c48bbd62804244545e68/exports HTTP/1.1" 404 186
::1 - - [14/Oct/2020:11:23:44 +0000] "GET /api/auth/users/5f86c48bbd62804244545e68/exports HTTP/1.1" 404 186
::1 - - [14/Oct/2020:11:23:47 +0000] "GET /api/auth/users/5f86c48bbd62804244545e68/exports HTTP/1.1" 404 186
::1 - - [14/Oct/2020:11:56:45 +0000] "POST /api/auth/users/5f86c48bbd62804244545e68/exports HTTP/1.1" 404 2
::1 - - [14/Oct/2020:11:57:04 +0000] "POST /api/auth/users/5f86c48bbd62804244545e68/exports HTTP/1.1" 404 2
::1 - - [14/Oct/2020:11:57:58 +0000] "POST /api/auth/users/5f86c48bbd62804244545e68/exports HTTP/1.1" 404 2
::1 - - [14/Oct/2020:11:58:11 +0000] "POST /api/auth/users/5f86c48bbd62804244545e68/exports HTTP/1.1" 404 2
::1 - - [14/Oct/2020:11:59:02 +0000] "POST /api/auth/users/5f86c48bbd62804244545e68/exports HTTP/1.1" 404 2
::1 - - [14/Oct/2020:12:00:30 +0000] "POST /api/auth/users/5f86c48bbd62804244545e68/exports HTTP/1.1" 404 2
::1 - - [14/Oct/2020:12:00:35 +0000] "POST /api/auth/users/5f86c48bbd62804244545e68/exports HTTP/1.1" 404 2
::1 - - [14/Oct/2020:12:02:27 +0000] "POST /api/auth/users/5f86c48bbd62804244545e68/exports HTTP/1.1" 404 2
::1 - - [14/Oct/2020:12:03:13 +0000] "GET /api/auth/users/5f86c48bbd62804244545e68/exports HTTP/1.1" 404 186
::1 - - [14/Oct/2020:12:03:16 +0000] "GET /api/auth/users/5f86c48bbd62804244545e68/exports HTTP/1.1" 404 186
::1 - - [14/Oct/2020:12:03:18 +0000] "GET /api/auth/users/5f86c48bbd62804244545e68/exports HTTP/1.1" 404 186
::1 - - [14/Oct/2020:12:04:27 +0000] "GET /api/auth/users/5f86c48bbd62804244545e68/exports HTTP/1.1" 404 186
::1 - - [14/Oct/2020:12:04:28 +0000] "GET /api/auth/users/5f86c48bbd62804244545e68/exports HTTP/1.1" 404 186
::1 - - [14/Oct/2020:12:04:29 +0000] "GET /api/auth/users/5f86c48bbd62804244545e68/exports HTTP/1.1" 404 186
::1 - - [14/Oct/2020:12:04:41 +0000] "GET /api/auth/users/5f86c48bbd62804244545e68/exports HTTP/1.1" 404 186
::1 - - [14/Oct/2020:12:04:56 +0000] "GET /api/auth/users/5f86c48bbd62804244545e68/exports HTTP/1.1" 404 186
::1 - - [14/Oct/2020:12:05:01 +0000] "GET /api/auth/users/5f86c48bbd62804244545e68/exports HTTP/1.1" 404 186
::1 - - [14/Oct/2020:12:06:12 +0000] "GET /api/auth/users/5f86c48bbd62804244545e68/exports HTTP/1.1" 404 186
::1 - - [14/Oct/2020:12:06:16 +0000] "GET /api/auth/users/5f86c48bbd62804244545e68/exports HTTP/1.1" 404 186
::1 - - [14/Oct/2020:12:06:21 +0000] "GET /api/auth/users/5f86c48bbd62804244545e68/exports HTTP/1.1" 404 186
::1 - - [14/Oct/2020:12:18:29 +0000] "GET /api/auth/users/5f86c48bbd62804244545e68/exports HTTP/1.1" 404 186
::1 - - [14/Oct/2020:12:22:02 +0000] "GET /favicon.ico HTTP/1.1" 404 150
::1 - - [14/Oct/2020:12:34:27 +0000] "GET /api/auth/users/5f86c48bbd62804244545e68/exports HTTP/1.1" 404 353
::1 - - [14/Oct/2020:12:34:29 +0000] "GET /api/auth/users/5f86c48bbd62804244545e68/exports HTTP/1.1" 404 353
::1 - - [14/Oct/2020:12:34:34 +0000] "GET /api/auth/users/5f86c48bbd62804244545e68/exports HTTP/1.1" 404 353
::1 - - [14/Oct/2020:12:34:50 +0000] "GET /api/auth/users/5f86c48bbd62804244545e68/exports HTTP/1.1" 404 353
::1 - - [14/Oct/2020:12:35:20 +0000] "GET /api/auth/users/5f86c48bbd62804244545e68/exports HTTP/1.1" 404 353
::1 - - [14/Oct/2020:12:36:03 +0000] "GET /api/auth/users/5f86c48bbd62804244545e68/exports HTTP/1.1" 404 353
::1 - - [14/Oct/2020:12:37:03 +0000] "GET /api/auth/users/5f86c48bbd62804244545e68/exports HTTP/1.1" 404 353
::1 - - [14/Oct/2020:12:37:35 +0000] "GET /api/auth/users/5f86c48bbd62804244545e68/exports HTTP/1.1" 404 353
::1 - - [14/Oct/2020:12:38:37 +0000] "GET /api/auth/users/5f86c48bbd62804244545e68/exports HTTP/1.1" 404 353
::1 - - [14/Oct/2020:12:40:13 +0000] "GET /api/auth/users/5f86c48bbd62804244545e68/exports HTTP/1.1" 404 31
::1 - - [14/Oct/2020:12:40:42 +0000] "GET /api/auth/users/5f86c48bbd62804244545e68/exports HTTP/1.1" 404 353
::1 - - [14/Oct/2020:12:40:43 +0000] "GET /api/auth/users/5f86c48bbd62804244545e68/exports HTTP/1.1" 404 353
::1 - - [14/Oct/2020:12:40:45 +0000] "GET /api/auth/users/5f86c48bbd62804244545e68/exports HTTP/1.1" 404 353
::1 - - [14/Oct/2020:12:40:51 +0000] "GET /api/auth/users/5f86c48bbd62804244545e68/exports HTTP/1.1" 404 353
::1 - - [14/Oct/2020:13:15:57 +0000] "POST /api/auth/users/report HTTP/1.1" 404 161
::1 - - [15/Oct/2020:14:11:44 +0000] "DELETE /api/auth/users/5f86b0aa4bf01c2b08131e81 HTTP/1.1" 401 12
::1 - - [15/Oct/2020:14:12:57 +0000] "POST /api/sauces HTTP/1.1" 400 37
::1 - - [15/Oct/2020:14:13:23 +0000] "POST /api/sauces HTTP/1.1" 500 2942
::1 - - [15/Oct/2020:14:14:30 +0000] "POST /api/sauces HTTP/1.1" 500 2943
::1 - - [15/Oct/2020:14:16:19 +0000] "GET /api/auth/users/5f8858b9901925099cfb2f67 HTTP/1.1" 401 12
::1 - - [15/Oct/2020:14:24:03 +0000] "GET /api/sauces HTTP/1.1" 401 12
::1 - - [15/Oct/2020:14:29:40 +0000] "DELETE /api/auth/users/Anonyme HTTP/1.1" 500 100
::1 - - [16/Oct/2020:09:02:26 +0000] "GET /api/docs HTTP/1.1" 404 147
::1 - - [16/Oct/2020:10:00:00 +0000] "GET /api/sauces/docs/ HTTP/1.1" 401 12
::1 - - [16/Oct/2020:10:00:01 +0000] "GET /favicon.ico HTTP/1.1" 404 150
::1 - - [16/Oct/2020:11:29:17 +0000] "GET /api/docs/ HTTP/1.1" 404 148
::1 - - [16/Oct/2020:11:46:18 +0000] "GET /api/docs/ HTTP/1.1" 404 148
::1 - - [16/Oct/2020:15:51:46 +0000] "POST /api/sauces HTTP/1.1" 401 12
::1 - - [16/Oct/2020:17:09:33 +0000] "GET /api/sauces HTTP/1.1" 401 12
::1 - - [16/Oct/2020:17:09:40 +0000] "GET /api/sauces HTTP/1.1" 401 12
::1 - - [16/Oct/2020:17:10:09 +0000] "GET /api/sauces HTTP/1.1" 401 12
::1 - - [16/Oct/2020:17:10:10 +0000] "GET /api/sauces HTTP/1.1" 401 12
::1 - - [16/Oct/2020:17:10:12 +0000] "GET /api/sauces HTTP/1.1" 401 12
::1 - - [16/Oct/2020:17:10:43 +0000] "GET /api/sauces HTTP/1.1" 401 12
::1 - - [16/Oct/2020:17:10:45 +0000] "GET /api/sauces HTTP/1.1" 401 12
::1 - - [16/Oct/2020:17:10:48 +0000] "GET /api/sauces/5f83295cb403fc0808108dc1 HTTP/1.1" 401 12
::1 - - [16/Oct/2020:17:10:51 +0000] "GET /api/sauces HTTP/1.1" 401 12
::1 - - [16/Oct/2020:17:11:05 +0000] "GET /api/sauces HTTP/1.1" 401 12
::1 - - [16/Oct/2020:17:11:05 +0000] "GET /api/sauces HTTP/1.1" 401 12
::1 - - [16/Oct/2020:17:11:06 +0000] "GET /api/sauces HTTP/1.1" 401 12
::1 - - [16/Oct/2020:17:11:07 +0000] "GET /api/sauces HTTP/1.1" 401 12
::1 - - [16/Oct/2020:17:13:01 +0000] "GET /api/sauces HTTP/1.1" 401 12
::1 - - [16/Oct/2020:17:14:50 +0000] "GET /api/sauces HTTP/1.1" 401 12
::1 - - [16/Oct/2020:17:14:57 +0000] "GET /api/sauces HTTP/1.1" 401 12
::1 - - [16/Oct/2020:17:15:00 +0000] "GET /api/sauces HTTP/1.1" 401 12
::1 - - [16/Oct/2020:17:15:43 +0000] "GET /api/sauces HTTP/1.1" 401 12
::1 - - [16/Oct/2020:17:16:30 +0000] "GET /api/sauces HTTP/1.1" 401 91
::1 - - [16/Oct/2020:17:16:44 +0000] "GET /api/sauces HTTP/1.1" 401 91
::1 - - [16/Oct/2020:17:16:57 +0000] "GET /api/sauces HTTP/1.1" 401 13
::1 - - [16/Oct/2020:19:17:00 +0000] "GET /api/sauces/5f82efd896023c3290f5d9f8 HTTP/1.1" 401 43
::1 - - [16/Oct/2020:19:17:14 +0000] "GET /api/sauces/5f82efd896023c3290f5d9f8 HTTP/1.1" 401 44
::1 - - [16/Oct/2020:19:52:47 +0000] "PUT /api/sauces/5f83295cb403fc0808108dc1 HTTP/1.1" 401 13
::1 - - [16/Oct/2020:19:53:37 +0000] "PUT /api/sauces/5f83295cb403fc0808108dc1 HTTP/1.1" 401 40
::1 - - [16/Oct/2020:19:57:19 +0000] "GET /api/docs/ HTTP/1.1" 404 148
::1 - - [16/Oct/2020:20:01:00 +0000] "GET /api/sauces HTTP/1.1" 400 0
::1 - - [16/Oct/2020:20:01:08 +0000] "GET /api/sauces HTTP/1.1" 400 2
::1 - - [16/Oct/2020:20:01:23 +0000] "GET /api/sauces HTTP/1.1" 400 2
::1 - - [16/Oct/2020:20:01:39 +0000] "GET /api/sauces HTTP/1.1" 400 2
::1 - - [16/Oct/2020:20:02:42 +0000] "GET /api/sauces HTTP/1.1" 500 3560
::1 - - [16/Oct/2020:20:17:55 +0000] "POST /api/sauces HTTP/1.1" 401 40
::1 - - [16/Oct/2020:20:18:07 +0000] "POST /api/sauces HTTP/1.1" 500 2942
::1 - - [16/Oct/2020:20:29:32 +0000] "POST /api/sauces HTTP/1.1" 500 2943
::1 - - [16/Oct/2020:20:32:11 +0000] "POST /api/sauces HTTP/1.1" 500 2942
::1 - - [16/Oct/2020:20:34:18 +0000] "POST /api/sauces HTTP/1.1" 500 2942
::1 - - [16/Oct/2020:20:34:32 +0000] "POST /api/sauces HTTP/1.1" 400 30
::1 - - [16/Oct/2020:20:34:43 +0000] "POST /api/sauces HTTP/1.1" 400 30
::1 - - [16/Oct/2020:20:34:58 +0000] "POST /api/sauces HTTP/1.1" 400 30
::1 - - [16/Oct/2020:20:35:03 +0000] "POST /api/sauces HTTP/1.1" 400 30
::1 - - [16/Oct/2020:20:35:10 +0000] "POST /api/sauces HTTP/1.1" 400 30
::1 - - [16/Oct/2020:20:43:21 +0000] "GET /api/docs/ HTTP/1.1" 404 148
::1 - - [16/Oct/2020:20:43:23 +0000] "GET /api/docs/ HTTP/1.1" 404 148
::1 - - [16/Oct/2020:20:43:24 +0000] "GET /api/docs/ HTTP/1.1" 404 148
::1 - - [16/Oct/2020:20:43:24 +0000] "GET /api/docs/ HTTP/1.1" 404 148
::1 - - [16/Oct/2020:20:43:25 +0000] "GET /api/docs/ HTTP/1.1" 404 148
::1 - - [16/Oct/2020:20:44:38 +0000] "GET /api/docs/ HTTP/1.1" 404 148
::1 - - [16/Oct/2020:20:44:39 +0000] "GET /api/docs/ HTTP/1.1" 404 148
::1 - - [16/Oct/2020:20:44:40 +0000] "GET /api/docs/ HTTP/1.1" 404 148
::1 - - [16/Oct/2020:20:44:41 +0000] "GET /api/docs/ HTTP/1.1" 404 148
::1 - - [16/Oct/2020:20:44:56 +0000] "GET /api/docs/ HTTP/1.1" 404 148
::1 - - [16/Oct/2020:20:44:59 +0000] "GET /api/docs/ HTTP/1.1" 404 148
::1 - - [17/Oct/2020:07:29:48 +0000] "POST /api/auth/login HTTP/1.1" 401 35
::1 - - [18/Oct/2020:13:18:15 +0000] "POST /api/auth/login HTTP/1.1" 404 26
::1 - - [18/Oct/2020:13:18:31 +0000] "POST /api/auth/signup HTTP/1.1" 400 472
::1 - - [18/Oct/2020:13:18:57 +0000] "POST /api/auth/login HTTP/1.1" 401 27
::1 - - [18/Oct/2020:13:19:10 +0000] "POST /api/auth/login HTTP/1.1" 401 27
::1 - - [18/Oct/2020:13:58:41 +0000] "POST /api/auth/users/5f86c48bbd62804244545e68/exports HTTP/1.1" 404 187
::1 - - [18/Oct/2020:14:00:51 +0000] "POST /api/auth/users/5f8c40d90da6354368525f2a/exports HTTP/1.1" 404 187
::1 - - [18/Oct/2020:14:01:08 +0000] "GET /api/auth/users/5f8c40d90da6354368525f2a/exports HTTP/1.1" 401 40
::1 - - [18/Oct/2020:14:20:19 +0000] "GET /api/auth/users/5f8c40d90da6354368525f2a/exports HTTP/1.1" 404 2
::1 - - [18/Oct/2020:14:20:19 +0000] "GET /favicon.ico HTTP/1.1" 404 150
::1 - - [18/Oct/2020:14:20:22 +0000] "GET /api/auth/users/5f8c40d90da6354368525f2a/exports HTTP/1.1" 404 2
::1 - - [18/Oct/2020:14:20:28 +0000] "GET /api/auth/users/5f8c40d90da6354368525f2a/exports HTTP/1.1" 404 2
::1 - - [18/Oct/2020:14:21:40 +0000] "GET /api/auth/users/5f8c40d90da6354368525f2a/exports HTTP/1.1" 401 40
::1 - - [18/Oct/2020:14:22:24 +0000] "GET /api/auth/users/5f8c40d90da6354368525f2a/exports HTTP/1.1" 401 12
::1 - - [18/Oct/2020:14:58:11 +0000] "GET /api/sauces/5f82efd896023c3290f5d9f8 HTTP/1.1" 404 15
::1 - - [18/Oct/2020:15:04:55 +0000] "GET /api/sauces/5f8c597ab50711497cba90fb1 HTTP/1.1" 500 126
::1 - - [18/Oct/2020:15:05:04 +0000] "GET /api/sauces/5f8c597ab50711497cba90fba HTTP/1.1" 500 126
::1 - - [18/Oct/2020:15:06:15 +0000] "GET /api/sauces/5f8c597ab50711497cba90fb123 HTTP/1.1" 500 130
::1 - - [18/Oct/2020:15:11:25 +0000] "GET /api/sauces/5f8c597ab50711497cba90fb123 HTTP/1.1" 404 15
::1 - - [18/Oct/2020:16:03:17 +0000] "GET /images/sauce-tomate-pour-les-pates.jpeg1603036996331.jpg HTTP/1.1" 404 195
::1 - - [18/Oct/2020:16:03:33 +0000] "GET /images/sauce-tomate-pour-les-pates.jpeg1603036996331.jpg HTTP/1.1" 404 195
::1 - - [18/Oct/2020:16:03:35 +0000] "GET /images/sauce-tomate-pour-les-pates.jpeg1603036996331.jpg HTTP/1.1" 404 195
::1 - - [18/Oct/2020:16:03:37 +0000] "GET /images/sauce-tomate-pour-les-pates.jpeg1603036996331.jpg HTTP/1.1" 404 195
::1 - - [18/Oct/2020:16:03:42 +0000] "GET /images/sauce-tomate-pour-les-pates.jpeg1603037022740.jpg HTTP/1.1" 404 195
::1 - - [18/Oct/2020:16:04:21 +0000] "GET /images/sauce-tomate-pour-les-pates.jpeg1603037022740.jpg HTTP/1.1" 404 195
::1 - - [18/Oct/2020:16:04:26 +0000] "GET /images/sauce-tomate-pour-les-pates.jpeg1603037022740.jpg HTTP/1.1" 404 195
::1 - - [18/Oct/2020:16:10:00 +0000] "DELETE /api/sauces/5f7769c76b217f1a209a187f HTTP/1.1" 500 2
::1 - - [18/Oct/2020:16:10:06 +0000] "DELETE /api/sauces/5f7769fdsfdsfds HTTP/1.1" 500 106
::1 - - [18/Oct/2020:16:10:21 +0000] "DELETE /api/sauces/5f7769fdsfdsfds HTTP/1.1" 500 116
::1 - - [18/Oct/2020:16:10:44 +0000] "DELETE /api/sauces/5f7769fdsfdsfds HTTP/1.1" 500 106
::1 - - [18/Oct/2020:16:12:45 +0000] "DELETE /api/sauces/5f7769fdsfdsfds HTTP/1.1" 404 116
::1 - - [18/Oct/2020:16:13:53 +0000] "DELETE /api/sauces/5f7769fdsfdsfds HTTP/1.1" 404 116
::1 - - [24/Oct/2020:13:52:44 +0000] "GET /docs HTTP/1.1" 404 143
::1 - - [26/Oct/2020:15:13:22 +0000] "POST /api/auth/signup HTTP/1.1" 400 29
::1 - - [26/Oct/2020:15:15:15 +0000] "POST /api/auth/signup HTTP/1.1" 400 52
::1 - - [26/Oct/2020:15:15:20 +0000] "POST /api/auth/signup HTTP/1.1" 400 137
::1 - - [26/Oct/2020:15:15:34 +0000] "POST /api/auth/signup HTTP/1.1" 400 492
::1 - - [26/Oct/2020:15:16:43 +0000] "POST /api/auth/login HTTP/1.1" 400 52
::1 - - [26/Oct/2020:15:16:55 +0000] "POST /api/auth/login HTTP/1.1" 401 27
::1 - - [26/Oct/2020:15:17:36 +0000] "POST /api/auth/login HTTP/1.1" 404 26
::1 - - [26/Oct/2020:15:18:48 +0000] "POST /api/auth/login HTTP/1.1" 404 26
::1 - - [26/Oct/2020:15:27:05 +0000] "GET /api/sauces/5f8c69fd5d1fb14a843da HTTP/1.1" 404 128
::1 - - [26/Oct/2020:15:27:37 +0000] "GET /api/sauces/5f8c69fd5d1fb14a843da HTTP/1.1" 404 156
::1 - - [26/Oct/2020:15:50:11 +0000] "GET /api/sauces/5f8c69fd5d1fb14a843da HTTP/1.1" 404 156
::1 - - [26/Oct/2020:15:50:14 +0000] "GET /api/sauces/5f8c69fd5d1fb14a843da HTTP/1.1" 404 156
::1 - - [26/Oct/2020:15:55:50 +0000] "GET /api/sauces/5f8c69fd5d1fb14a843da59 HTTP/1.1" 404 160
::1 - - [26/Oct/2020:16:00:29 +0000] "PUT /api/sauces/5f8c69fd5d1fb14a843da592 HTTP/1.1" 401 12
::1 - - [26/Oct/2020:16:00:36 +0000] "PUT /api/sauces/5f8c69fd5d1fb14a843da592 HTTP/1.1" 401 12
::1 - - [26/Oct/2020:16:00:45 +0000] "PUT /api/sauces/5f8c69fd5d1fb14a843da592 HTTP/1.1" 401 12
::1 - - [26/Oct/2020:16:01:35 +0000] "PUT /api/sauces/5f8c69fd5d1fb14a843da592 HTTP/1.1" 401 12
::1 - - [26/Oct/2020:16:02:00 +0000] "PUT /api/sauces/5f8c69fd5d1fb14a843da592 HTTP/1.1" 401 12
::1 - - [26/Oct/2020:16:02:09 +0000] "PUT /api/sauces/5f8c69fd5d1fb14a843da592 HTTP/1.1" 401 12
::1 - - [26/Oct/2020:16:03:07 +0000] "PUT /api/sauces/5f8c69fd5d1fb14a843da592 HTTP/1.1" 401 12
::1 - - [26/Oct/2020:16:03:25 +0000] "PUT /api/sauces/5f8c69fd5d1fb14a843da592 HTTP/1.1" 401 12
::1 - - [26/Oct/2020:16:04:21 +0000] "PUT /api/sauces/5f8c69fd5d1fb14a843da592 HTTP/1.1" 401 12
::1 - - [26/Oct/2020:16:05:04 +0000] "PUT /api/sauces/5f8c69fd5d1fb14a843da592?Authorization=Bearer%20eyJhbGciOiJIUzI1NiIsInR5cCI6IkpXVCJ9.eyJ1c2VySWQiOiI1ZjhjNDBkOTBkYTYzNTQzNjg1MjVmMmEiLCJpYXQiOjE2MDM3MjgwODAsImV4cCI6MTYwMzgxNDQ4MH0.h_Ty-plpzGYMn7Tmr5h8UeRyd-elX7T9TcYMWny4SqI HTTP/1.1" 401 12
::1 - - [26/Oct/2020:16:05:42 +0000] "PUT /api/sauces/5f8c69fd5d1fb14a843da592 HTTP/1.1" 400 20
::1 - - [26/Oct/2020:16:07:35 +0000] "PUT /api/sauces/5f8c69fd5d1fb14a843da592 HTTP/1.1" 500 2942
::1 - - [26/Oct/2020:16:08:49 +0000] "PUT /api/sauces/5f8c69fd5d1fb14a843da592 HTTP/1.1" 400 30
::1 - - [26/Oct/2020:16:09:29 +0000] "PUT /api/sauces/5f8c69fd5d1fb14a843da592 HTTP/1.1" 400 30
::1 - - [26/Oct/2020:16:14:48 +0000] "PUT /api/sauces/5f8c69fd5d1fb14a843da59 HTTP/1.1" 400 132
::1 - - [26/Oct/2020:16:16:36 +0000] "PUT /api/sauces/5f8c69fd5d1fb14a843da59 HTTP/1.1" 400 132
::1 - - [26/Oct/2020:16:16:46 +0000] "PUT /api/sauces/5f8c69fd5d1fb14a843da59 HTTP/1.1" 404 132
::1 - - [26/Oct/2020:16:17:14 +0000] "PUT /api/sauces/5f8c69fd5d1fb14a843da59 HTTP/1.1" 404 27
::1 - - [26/Oct/2020:16:17:20 +0000] "PUT /api/sauces/5f8c69fd5d1fb14a843da59 HTTP/1.1" 404 27
::1 - - [26/Oct/2020:16:17:44 +0000] "PUT /api/sauces/5f8c69fd5d1fb14a843da59 HTTP/1.1" 404 27
::1 - - [26/Oct/2020:16:18:30 +0000] "PUT /api/sauces/5f8c69fd5d1fb14a843da59 HTTP/1.1" 404 27
::1 - - [26/Oct/2020:16:33:02 +0000] "PUT /api/sauces/5f8c69fd5d1fb14a843da59 HTTP/1.1" 400 27
::1 - - [26/Oct/2020:16:34:26 +0000] "PUT /api/sauces/5f8c69fd5d1fb14a843da59 HTTP/1.1" 400 27
::1 - - [26/Oct/2020:16:35:08 +0000] "PUT /api/sauces/5f8c69fd5d1fb14a843da59 HTTP/1.1" 400 27
::1 - - [26/Oct/2020:16:35:17 +0000] "PUT /api/sauces/5f8c69fd5d1fb14a843da59 HTTP/1.1" 400 27
::1 - - [26/Oct/2020:16:43:24 +0000] "PUT /api/sauces/5f8c69fd5d1fb14a843da59 HTTP/1.1" 404 27
::1 - - [26/Oct/2020:16:43:37 +0000] "PUT /api/sauces/5f8c69fd5d1fb14a843da59 HTTP/1.1" 404 27
::1 - - [26/Oct/2020:16:44:11 +0000] "PUT /api/sauces/5f8c69fd5d1fb14a843da59 HTTP/1.1" 404 132
::1 - - [26/Oct/2020:16:44:17 +0000] "PUT /api/sauces/5f8c69fd5d1fb14a843da59 HTTP/1.1" 404 132
::1 - - [26/Oct/2020:16:45:15 +0000] "PUT /api/sauces/5f8c69fd5d1fb14a843da592 HTTP/1.1" 400 18
::1 - - [26/Oct/2020:16:45:39 +0000] "PUT /api/sauces/5f8c69fd5d1fb14a843da59 HTTP/1.1" 400 18
::1 - - [26/Oct/2020:16:45:42 +0000] "PUT /api/sauces/5f8c69fd5d1fb14a843da59 HTTP/1.1" 404 132
::1 - - [26/Oct/2020:16:46:05 +0000] "PUT /api/sauces/5f8c69fd5d1fb14a843da59 HTTP/1.1" 404 159
::1 - - [26/Oct/2020:16:46:21 +0000] "DELETE /api/sauces/5f8c69fd5d1fb14a843da59 HTTP/1.1" 401 12
::1 - - [26/Oct/2020:16:46:32 +0000] "DELETE /api/sauces/5f8c69fd5d1fb14a843da59 HTTP/1.1" 404 132
::1 - - [26/Oct/2020:16:47:10 +0000] "DELETE /api/sauces/5f8c69fd5d1fb14a843da59 HTTP/1.1" 404 160
::1 - - [26/Oct/2020:16:48:36 +0000] "GET /api/sauces/5f8c69fd5d1fb14a843da592 HTTP/1.1" 404 15
::1 - - [26/Oct/2020:16:48:38 +0000] "GET /api/sauces/5f8c69fd5d1fb14a843da592 HTTP/1.1" 404 15
::1 - - [26/Oct/2020:16:49:33 +0000] "DELETE /api/sauces/5f8c69fd5d1fb14a843da592 HTTP/1.1" 404 40
::1 - - [26/Oct/2020:16:52:09 +0000] "POST /api/auth/login HTTP/1.1" 404 26
::1 - - [26/Oct/2020:16:52:51 +0000] "POST /api/auth/login HTTP/1.1" 401 27
::1 - - [26/Oct/2020:16:53:33 +0000] "GET /api/auth/users/5f8c40d90da6354368525f2a HTTP/1.1" 401 12
::1 - - [26/Oct/2020:16:54:21 +0000] "GET /api/auth/users/5f8c40d90da6354368525f2a HTTP/1.1" 500 2
::1 - - [26/Oct/2020:16:54:24 +0000] "GET /api/auth/users/5f8c40d90da6354368525f2a HTTP/1.1" 500 2
::1 - - [26/Oct/2020:16:54:27 +0000] "GET /api/auth/users/5f8c40d90da6354368525f2a HTTP/1.1" 500 2
::1 - - [26/Oct/2020:16:54:35 +0000] "GET /api/auth/users/5f8c40d90da6354368525f2a HTTP/1.1" 500 2
::1 - - [26/Oct/2020:16:54:56 +0000] "GET /api/auth/users/5f8c40d90da6354368525f2a HTTP/1.1" 500 14
::1 - - [26/Oct/2020:16:55:25 +0000] "GET /api/auth/users/5f8c40d90da6354368525f2a HTTP/1.1" 404 14
::1 - - [26/Oct/2020:16:55:53 +0000] "GET /api/auth/users/5f8c40d90da6354368525f2a HTTP/1.1" 404 14
::1 - - [26/Oct/2020:16:55:57 +0000] "GET /api/auth/users/5f8c40d90da6354368525f2a HTTP/1.1" 404 14
::1 - - [26/Oct/2020:16:56:23 +0000] "GET /api/auth/users/5f8c40d90da6354368525f2a HTTP/1.1" 404 14
::1 - - [26/Oct/2020:16:56:48 +0000] "GET /api/auth/users/5f8c40d90da6354368525f2a1 HTTP/1.1" 500 126
::1 - - [26/Oct/2020:16:57:13 +0000] "GET /api/auth/users/5f8c40d90da6354368525f2 HTTP/1.1" 500 122
::1 - - [26/Oct/2020:16:57:31 +0000] "GET /api/auth/users/5f8c40d90da6354368525f2a1 HTTP/1.1" 500 126
::1 - - [26/Oct/2020:16:58:01 +0000] "GET /api/auth/users/5f8c40d90da6354368525f2a1 HTTP/1.1" 500 126
::1 - - [26/Oct/2020:16:58:42 +0000] "GET /api/auth/users/5f8c40d90da6354368525f2a1 HTTP/1.1" 404 163
::1 - - [26/Oct/2020:17:02:10 +0000] "PUT /api/auth/users/5f8c40d90da6354368525f2a123 HTTP/1.1" 400 26
::1 - - [26/Oct/2020:17:02:57 +0000] "PUT /api/auth/users/5f8c40d90da6354368525f2a123 HTTP/1.1" 404 26
::1 - - [26/Oct/2020:17:02:59 +0000] "PUT /api/auth/users/5f8c40d90da6354368525f2a123 HTTP/1.1" 404 26
::1 - - [26/Oct/2020:17:03:41 +0000] "PUT /api/auth/users/5f8c40d90da6354368525f2a123 HTTP/1.1" 404 26
::1 - - [26/Oct/2020:17:04:02 +0000] "PUT /api/auth/users/5f8c40d90da6354368525f2a123 HTTP/1.1" 404 167
::1 - - [26/Oct/2020:17:05:42 +0000] "PUT /api/auth/users/5f8c40d90da6354368525f2 HTTP/1.1" 404 159
::1 - - [26/Oct/2020:17:06:48 +0000] "PUT /api/auth/users/5f8c40d90da6354368525f2a HTTP/1.1" 400 1452
::1 - - [26/Oct/2020:17:06:56 +0000] "PUT /api/auth/users/5f8c40d90da6354368525f2a HTTP/1.1" 400 1452
::1 - - [26/Oct/2020:17:07:04 +0000] "PUT /api/auth/users/5f8c40d90da6354368525f2 HTTP/1.1" 404 159
::1 - - [26/Oct/2020:17:07:10 +0000] "PUT /api/auth/users/5f8c40d90da6354368525f2 HTTP/1.1" 404 159
::1 - - [26/Oct/2020:17:08:12 +0000] "PUT /api/auth/users/5f8c40d90da6354368525f2 HTTP/1.1" 404 159
::1 - - [26/Oct/2020:17:08:41 +0000] "DELETE /api/auth/users/5f8c40d90da6354368525f2 HTTP/1.1" 401 12
::1 - - [26/Oct/2020:17:08:53 +0000] "DELETE /api/auth/users/5f8c40d90da6354368525f2 HTTP/1.1" 500 132
::1 - - [26/Oct/2020:17:09:52 +0000] "DELETE /api/auth/users/5f8c40d90da6354368525f2 HTTP/1.1" 404 132
::1 - - [26/Oct/2020:17:10:13 +0000] "DELETE /api/auth/users/5f8c40d90da6354368525f2 HTTP/1.1" 404 159
::1 - - [26/Oct/2020:17:10:20 +0000] "DELETE /api/auth/users/5f8c40d90da6354368525f2 HTTP/1.1" 404 159
::1 - - [26/Oct/2020:17:10:24 +0000] "DELETE /api/auth/users/5f8c40d90da6354368525f2 HTTP/1.1" 404 159
::1 - - [26/Oct/2020:17:10:30 +0000] "PUT /api/auth/users/5f8c40d90da6354368525f2 HTTP/1.1" 404 159
::1 - - [26/Oct/2020:17:10:33 +0000] "PUT /api/auth/users/5f8c40d90da6354368525f2 HTTP/1.1" 404 159
::1 - - [26/Oct/2020:17:10:39 +0000] "GET /api/auth/users/5f8c40d90da6354368525f2a HTTP/1.1" 429 42
::1 - - [26/Oct/2020:17:10:42 +0000] "GET /api/auth/users/5f8c40d90da6354368525f2a HTTP/1.1" 429 42
::1 - - [26/Oct/2020:17:19:36 +0000] "GET /api/auth/users/5f8c40d90da6354368525f2 HTTP/1.1" 404 159
::1 - - [26/Oct/2020:17:19:47 +0000] "DELETE /api/auth/users/5f8c40d90da6354368525f2 HTTP/1.1" 404 159
::1 - - [26/Oct/2020:17:19:54 +0000] "GET /api/auth/users/5f8c40d90da6354368525f2a HTTP/1.1" 429 42
::1 - - [26/Oct/2020:17:27:27 +0000] "GET /api/auth/users/5f8c40d90da6354368525f2a HTTP/1.1" 404 14
::1 - - [26/Oct/2020:17:27:51 +0000] "DELETE /api/auth/users/5f8c40d90da6354368525f2a HTTP/1.1" 404 14
::1 - - [26/Oct/2020:17:28:24 +0000] "GET /api/auth/users/000000000000000000000000000000 HTTP/1.1" 404 173
::1 - - [26/Oct/2020:17:30:10 +0000] "POST /api/auth/login HTTP/1.1" 404 26
::1 - - [26/Oct/2020:17:32:42 +0000] "DELETE /api/auth/users/5f8c40d90da6354368525f2a HTTP/1.1" 404 14
::1 - - [26/Oct/2020:17:33:39 +0000] "DELETE /api/auth/users/5f97086adc703f32b4f22a19 HTTP/1.1" 500 12
::1 - - [26/Oct/2020:17:33:49 +0000] "DELETE /api/auth/users/5f97086adc703f32b4f22a19 HTTP/1.1" 500 12
::1 - - [26/Oct/2020:17:34:12 +0000] "DELETE /api/auth/users/5f97086adc703f32b4f22a19 HTTP/1.1" 404 36
::1 - - [26/Oct/2020:17:34:49 +0000] "DELETE /api/auth/users/5f97086adc703f32b4f22a19 HTTP/1.1" 404 36
::1 - - [26/Oct/2020:17:42:38 +0000] "GET /api/auth/users/5f970a856182f4111828b782/exports HTTP/1.1" 401 12
